Using pre-set license
Built from '2021.3/staging' branch; Version is '2021.3.0f1 (6eacc8284459) revision 7253192'; Using compiler version '192829333'; Build Type 'Release'
OS: 'Windows 10  (10.0.19044) 64bit Core' Language: 'ru' Physical Memory: 16290 MB
BatchMode: 1, IsHumanControllingUs: 0, StartBugReporterOnCrash: 0, Is64bit: 1, IsPro: 1

COMMAND LINE ARGUMENTS:
C:\Program Files\Unity\Hub\Editor\2021.3.0f1\Editor\Unity.exe
-adb2
-batchMode
-noUpm
-name
AssetImportWorker0
-projectPath
D:/GitHub/ChaosLocale
-logFile
Logs/AssetImportWorker0.log
-srvPort
49250
Successfully changed project path to: D:/GitHub/ChaosLocale
D:/GitHub/ChaosLocale
[UnityMemory] Configuration Parameters - Can be set up in boot.config
    "memorysetup-bucket-allocator-granularity=16"
    "memorysetup-bucket-allocator-bucket-count=8"
    "memorysetup-bucket-allocator-block-size=33554432"
    "memorysetup-bucket-allocator-block-count=8"
    "memorysetup-main-allocator-block-size=16777216"
    "memorysetup-thread-allocator-block-size=16777216"
    "memorysetup-gfx-main-allocator-block-size=16777216"
    "memorysetup-gfx-thread-allocator-block-size=16777216"
    "memorysetup-cache-allocator-block-size=4194304"
    "memorysetup-typetree-allocator-block-size=2097152"
    "memorysetup-profiler-bucket-allocator-granularity=16"
    "memorysetup-profiler-bucket-allocator-bucket-count=8"
    "memorysetup-profiler-bucket-allocator-block-size=33554432"
    "memorysetup-profiler-bucket-allocator-block-count=8"
    "memorysetup-profiler-allocator-block-size=16777216"
    "memorysetup-profiler-editor-allocator-block-size=1048576"
    "memorysetup-temp-allocator-size-main=16777216"
    "memorysetup-job-temp-allocator-block-size=2097152"
    "memorysetup-job-temp-allocator-block-size-background=1048576"
    "memorysetup-job-temp-allocator-reduction-small-platforms=262144"
    "memorysetup-temp-allocator-size-background-worker=32768"
    "memorysetup-temp-allocator-size-job-worker=262144"
    "memorysetup-temp-allocator-size-preload-manager=33554432"
    "memorysetup-temp-allocator-size-nav-mesh-worker=65536"
    "memorysetup-temp-allocator-size-audio-worker=65536"
    "memorysetup-temp-allocator-size-cloud-worker=32768"
    "memorysetup-temp-allocator-size-gi-baking-worker=262144"
    "memorysetup-temp-allocator-size-gfx=262144"
Refreshing native plugins compatible for Editor in 52.21 ms, found 3 plugins.
Preloading 0 native plugins for Editor in 0.00 ms.
Initialize engine version: 2021.3.0f1 (6eacc8284459)
[Subsystems] Discovering subsystems at path C:/Program Files/Unity/Hub/Editor/2021.3.0f1/Editor/Data/Resources/UnitySubsystems
[Subsystems] Discovering subsystems at path D:/GitHub/ChaosLocale/Assets
GfxDevice: creating device client; threaded=0; jobified=0
Direct3D:
    Version:  Direct3D 11.0 [level 11.0]
    Renderer: NVIDIA GeForce MX110 (ID=0x174e)
    Vendor:   NVIDIA
    VRAM:     2010 MB
    Driver:   26.21.14.3650
Initialize mono
Mono path[0] = 'C:/Program Files/Unity/Hub/Editor/2021.3.0f1/Editor/Data/Managed'
Mono path[1] = 'C:/Program Files/Unity/Hub/Editor/2021.3.0f1/Editor/Data/MonoBleedingEdge/lib/mono/unityjit-win32'
Mono config path = 'C:/Program Files/Unity/Hub/Editor/2021.3.0f1/Editor/Data/MonoBleedingEdge/etc'
Using monoOptions --debugger-agent=transport=dt_socket,embedding=1,server=y,suspend=n,address=127.0.0.1:56656
Begin MonoManager ReloadAssembly
Registering precompiled unity dll's ...
Register platform support module: C:/Program Files/Unity/Hub/Editor/2021.3.0f1/Editor/Data/PlaybackEngines/WindowsStandaloneSupport/UnityEditor.WindowsStandalone.Extensions.dll
Registered in 0.017409 seconds.
Native extension for WindowsStandalone target not found
Refreshing native plugins compatible for Editor in 45.17 ms, found 3 plugins.
Preloading 0 native plugins for Editor in 0.00 ms.
Mono: successfully reloaded assembly
- Completed reload, in  0.989 seconds
Domain Reload Profiling:
	ReloadAssembly (989ms)
		BeginReloadAssembly (142ms)
			ExecutionOrderSort (0ms)
			DisableScriptedObjects (0ms)
			BackupInstance (0ms)
			ReleaseScriptingObjects (0ms)
			CreateAndSetChildDomain (1ms)
		EndReloadAssembly (572ms)
			LoadAssemblies (137ms)
			RebuildTransferFunctionScriptingTraits (0ms)
			SetupTypeCache (160ms)
			ReleaseScriptCaches (0ms)
			RebuildScriptCaches (55ms)
			SetupLoadedEditorAssemblies (284ms)
				LogAssemblyErrors (0ms)
				InitializePlatformSupportModulesInManaged (12ms)
				SetLoadedEditorAssemblies (0ms)
				RefreshPlugins (45ms)
				BeforeProcessingInitializeOnLoad (1ms)
				ProcessInitializeOnLoadAttributes (153ms)
				ProcessInitializeOnLoadMethodAttributes (71ms)
				AfterProcessingInitializeOnLoad (0ms)
				EditorAssembliesLoaded (0ms)
			ExecutionOrderSort2 (0ms)
			AwakeInstancesAfterBackupRestoration (0ms)
Platform modules already initialized, skipping
Registering precompiled user dll's ...
Registered in 0.004164 seconds.
Begin MonoManager ReloadAssembly
Symbol file LoadedFromMemory is not a mono symbol file
Native extension for WindowsStandalone target not found
Refreshing native plugins compatible for Editor in 44.72 ms, found 3 plugins.
Preloading 0 native plugins for Editor in 0.00 ms.
Mono: successfully reloaded assembly
- Completed reload, in  1.199 seconds
Domain Reload Profiling:
	ReloadAssembly (1200ms)
		BeginReloadAssembly (138ms)
			ExecutionOrderSort (0ms)
			DisableScriptedObjects (6ms)
			BackupInstance (0ms)
			ReleaseScriptingObjects (0ms)
			CreateAndSetChildDomain (22ms)
		EndReloadAssembly (916ms)
			LoadAssemblies (110ms)
			RebuildTransferFunctionScriptingTraits (0ms)
			SetupTypeCache (240ms)
			ReleaseScriptCaches (0ms)
			RebuildScriptCaches (63ms)
			SetupLoadedEditorAssemblies (452ms)
				LogAssemblyErrors (0ms)
				InitializePlatformSupportModulesInManaged (8ms)
				SetLoadedEditorAssemblies (0ms)
				RefreshPlugins (45ms)
				BeforeProcessingInitializeOnLoad (82ms)
				ProcessInitializeOnLoadAttributes (257ms)
				ProcessInitializeOnLoadMethodAttributes (49ms)
				AfterProcessingInitializeOnLoad (11ms)
				EditorAssembliesLoaded (0ms)
			ExecutionOrderSort2 (0ms)
			AwakeInstancesAfterBackupRestoration (7ms)
Platform modules already initialized, skipping
========================================================================
Worker process is ready to serve import requests
Launched and connected shader compiler UnityShaderCompiler.exe after 0.10 seconds
Refreshing native plugins compatible for Editor in 0.67 ms, found 3 plugins.
Preloading 0 native plugins for Editor in 0.00 ms.
Unloading 2375 Unused Serialized files (Serialized files now loaded: 0)
Unloading 30 unused Assets / (55.7 KB). Loaded Objects now: 2838.
Memory consumption went from 108.2 MB to 108.2 MB.
Total: 3.465700 ms (FindLiveObjects: 0.247000 ms CreateObjectMapping: 0.175700 ms MarkObjects: 2.929700 ms  DeleteObjects: 0.111900 ms)

AssetImportParameters requested are different than current active one (requested -> active):
  custom:video-decoder-ogg-theora: a1e56fd34408186e4bbccfd4996cb3dc -> 
  custom:container-muxer-webm: aa71ff27fc2769a1b78a27578f13a17b -> 
  custom:container-demuxer-webm: 4f35f7cbe854078d1ac9338744f61a02 -> 
  custom:video-encoder-webm-vp8: eb34c28f22e8b96e1ab97ce403110664 -> 
  custom:audio-encoder-webm-vorbis: bf7c407c2cedff20999df2af8eb42d56 -> 
  custom:framework-win-MediaFoundation: 216162199b28c13a410421893ffa2e32 -> 
  custom:container-demuxer-ogg: 62fdf1f143b41e24485cea50d1cbac27 -> 
  custom:video-decoder-webm-vp8: 9c59270c3fd7afecdb556c50c9e8de78 -> 
  custom:audio-decoder-ogg-vorbis: bf7c407c2cedff20999df2af8eb42d56 -> 
========================================================================
Received Import Request.
  Time since last request: 572842.782763 seconds.
  path: Assets/TestAsset.asset
  artifactKey: Guid(d1b6a6ac8ac06f84ca78a958b683fc7e) Importer(815301076,1909f56bfc062723c751e8b465ee728b)
Start importing Assets/TestAsset.asset using Guid(d1b6a6ac8ac06f84ca78a958b683fc7e) Importer(815301076,1909f56bfc062723c751e8b465ee728b)  -> (artifact id: 'fed01e5fa95b90b3ae932454e052cf0e') in 0.044817 seconds 
========================================================================
Received Import Request.
  Time since last request: 0.000021 seconds.
  path: Assets/LanguageDatabase.asset
  artifactKey: Guid(1c36972734daefb4b870e28c2dd43385) Importer(815301076,1909f56bfc062723c751e8b465ee728b)
Start importing Assets/LanguageDatabase.asset using Guid(1c36972734daefb4b870e28c2dd43385) Importer(815301076,1909f56bfc062723c751e8b465ee728b)  -> (artifact id: '9d5421a08b905bece6757f1e00ebbcb1') in 0.012225 seconds 
========================================================================
Received Prepare
Registering precompiled user dll's ...
Registered in 0.005523 seconds.
Begin MonoManager ReloadAssembly
Symbol file LoadedFromMemory is not a mono symbol file
Native extension for WindowsStandalone target not found
Refreshing native plugins compatible for Editor in 0.64 ms, found 3 plugins.
Preloading 0 native plugins for Editor in 0.00 ms.
Mono: successfully reloaded assembly
- Completed reload, in  1.530 seconds
Domain Reload Profiling:
	ReloadAssembly (1531ms)
		BeginReloadAssembly (164ms)
			ExecutionOrderSort (0ms)
			DisableScriptedObjects (8ms)
			BackupInstance (0ms)
			ReleaseScriptingObjects (0ms)
			CreateAndSetChildDomain (48ms)
		EndReloadAssembly (1225ms)
			LoadAssemblies (121ms)
			RebuildTransferFunctionScriptingTraits (0ms)
			SetupTypeCache (452ms)
			ReleaseScriptCaches (1ms)
			RebuildScriptCaches (57ms)
			SetupLoadedEditorAssemblies (516ms)
				LogAssemblyErrors (0ms)
				InitializePlatformSupportModulesInManaged (25ms)
				SetLoadedEditorAssemblies (1ms)
				RefreshPlugins (1ms)
				BeforeProcessingInitializeOnLoad (90ms)
				ProcessInitializeOnLoadAttributes (288ms)
				ProcessInitializeOnLoadMethodAttributes (100ms)
				AfterProcessingInitializeOnLoad (12ms)
				EditorAssembliesLoaded (0ms)
			ExecutionOrderSort2 (0ms)
			AwakeInstancesAfterBackupRestoration (12ms)
Platform modules already initialized, skipping
Refreshing native plugins compatible for Editor in 2.35 ms, found 3 plugins.
Preloading 0 native plugins for Editor in 0.00 ms.
Unloading 2382 Unused Serialized files (Serialized files now loaded: 0)
Unloading 22 unused Assets / (84.2 KB). Loaded Objects now: 2938.
Memory consumption went from 108.7 MB to 108.6 MB.
Total: 3.338700 ms (FindLiveObjects: 0.214400 ms CreateObjectMapping: 0.137600 ms MarkObjects: 2.909700 ms  DeleteObjects: 0.075800 ms)

AssetImportParameters requested are different than current active one (requested -> active):
  custom:video-decoder-ogg-theora: a1e56fd34408186e4bbccfd4996cb3dc -> 
  custom:container-muxer-webm: aa71ff27fc2769a1b78a27578f13a17b -> 
  custom:container-demuxer-webm: 4f35f7cbe854078d1ac9338744f61a02 -> 
  custom:video-encoder-webm-vp8: eb34c28f22e8b96e1ab97ce403110664 -> 
  custom:audio-encoder-webm-vorbis: bf7c407c2cedff20999df2af8eb42d56 -> 
  custom:framework-win-MediaFoundation: 216162199b28c13a410421893ffa2e32 -> 
  custom:container-demuxer-ogg: 62fdf1f143b41e24485cea50d1cbac27 -> 
  custom:video-decoder-webm-vp8: 9c59270c3fd7afecdb556c50c9e8de78 -> 
  custom:audio-decoder-ogg-vorbis: bf7c407c2cedff20999df2af8eb42d56 -> 
========================================================================
Received Prepare
Registering precompiled user dll's ...
Registered in 0.012500 seconds.
Begin MonoManager ReloadAssembly
Symbol file LoadedFromMemory is not a mono symbol file
Native extension for WindowsStandalone target not found
Refreshing native plugins compatible for Editor in 0.68 ms, found 3 plugins.
Preloading 0 native plugins for Editor in 0.00 ms.
[ScriptCompilation] NOT recompiling all scripts because this is an import worker process. Reason to compile was: Define symbols changed
Mono: successfully reloaded assembly
- Completed reload, in  4.589 seconds
Domain Reload Profiling:
	ReloadAssembly (4590ms)
		BeginReloadAssembly (381ms)
			ExecutionOrderSort (0ms)
			DisableScriptedObjects (11ms)
			BackupInstance (0ms)
			ReleaseScriptingObjects (0ms)
			CreateAndSetChildDomain (57ms)
		EndReloadAssembly (4064ms)
			LoadAssemblies (122ms)
			RebuildTransferFunctionScriptingTraits (0ms)
			SetupTypeCache (440ms)
			ReleaseScriptCaches (1ms)
			RebuildScriptCaches (57ms)
			SetupLoadedEditorAssemblies (3140ms)
				LogAssemblyErrors (0ms)
				InitializePlatformSupportModulesInManaged (19ms)
				SetLoadedEditorAssemblies (0ms)
				RefreshPlugins (1ms)
				BeforeProcessingInitializeOnLoad (71ms)
				ProcessInitializeOnLoadAttributes (2630ms)
				ProcessInitializeOnLoadMethodAttributes (401ms)
				AfterProcessingInitializeOnLoad (16ms)
				EditorAssembliesLoaded (1ms)
			ExecutionOrderSort2 (0ms)
			AwakeInstancesAfterBackupRestoration (44ms)
Platform modules already initialized, skipping
Refreshing native plugins compatible for Editor in 2.76 ms, found 3 plugins.
Preloading 0 native plugins for Editor in 0.00 ms.
Unloading 2404 Unused Serialized files (Serialized files now loaded: 0)
Unloading 32 unused Assets / (86.1 KB). Loaded Objects now: 3009.
Memory consumption went from 112.4 MB to 112.3 MB.
Total: 31.295900 ms (FindLiveObjects: 0.237300 ms CreateObjectMapping: 0.127200 ms MarkObjects: 30.838100 ms  DeleteObjects: 0.092100 ms)

AssetImportParameters requested are different than current active one (requested -> active):
  custom:video-decoder-ogg-theora: a1e56fd34408186e4bbccfd4996cb3dc -> 
  custom:container-muxer-webm: aa71ff27fc2769a1b78a27578f13a17b -> 
  custom:container-demuxer-webm: 4f35f7cbe854078d1ac9338744f61a02 -> 
  custom:video-encoder-webm-vp8: eb34c28f22e8b96e1ab97ce403110664 -> 
  custom:audio-encoder-webm-vorbis: bf7c407c2cedff20999df2af8eb42d56 -> 
  custom:framework-win-MediaFoundation: 216162199b28c13a410421893ffa2e32 -> 
  custom:container-demuxer-ogg: 62fdf1f143b41e24485cea50d1cbac27 -> 
  custom:video-decoder-webm-vp8: 9c59270c3fd7afecdb556c50c9e8de78 -> 
  custom:audio-decoder-ogg-vorbis: bf7c407c2cedff20999df2af8eb42d56 -> 
========================================================================
Received Prepare
Registering precompiled user dll's ...
Registered in 0.008313 seconds.
Begin MonoManager ReloadAssembly
Symbol file LoadedFromMemory is not a mono symbol file
Native extension for WindowsStandalone target not found
Refreshing native plugins compatible for Editor in 0.61 ms, found 3 plugins.
Preloading 0 native plugins for Editor in 0.00 ms.
Mono: successfully reloaded assembly
- Completed reload, in  4.964 seconds
Domain Reload Profiling:
	ReloadAssembly (4965ms)
		BeginReloadAssembly (217ms)
			ExecutionOrderSort (0ms)
			DisableScriptedObjects (8ms)
			BackupInstance (0ms)
			ReleaseScriptingObjects (0ms)
			CreateAndSetChildDomain (80ms)
		EndReloadAssembly (4599ms)
			LoadAssemblies (132ms)
			RebuildTransferFunctionScriptingTraits (0ms)
			SetupTypeCache (517ms)
			ReleaseScriptCaches (1ms)
			RebuildScriptCaches (62ms)
			SetupLoadedEditorAssemblies (3563ms)
				LogAssemblyErrors (0ms)
				InitializePlatformSupportModulesInManaged (16ms)
				SetLoadedEditorAssemblies (0ms)
				RefreshPlugins (1ms)
				BeforeProcessingInitializeOnLoad (77ms)
				ProcessInitializeOnLoadAttributes (3176ms)
				ProcessInitializeOnLoadMethodAttributes (276ms)
				AfterProcessingInitializeOnLoad (15ms)
				EditorAssembliesLoaded (1ms)
			ExecutionOrderSort2 (0ms)
			AwakeInstancesAfterBackupRestoration (51ms)
Platform modules already initialized, skipping
Refreshing native plugins compatible for Editor in 2.98 ms, found 3 plugins.
Preloading 0 native plugins for Editor in 0.00 ms.
Unloading 2403 Unused Serialized files (Serialized files now loaded: 0)
Unloading 32 unused Assets / (87.2 KB). Loaded Objects now: 3012.
Memory consumption went from 112.4 MB to 112.3 MB.
Total: 33.657200 ms (FindLiveObjects: 0.221200 ms CreateObjectMapping: 0.111900 ms MarkObjects: 33.207300 ms  DeleteObjects: 0.115500 ms)

AssetImportParameters requested are different than current active one (requested -> active):
  custom:video-decoder-ogg-theora: a1e56fd34408186e4bbccfd4996cb3dc -> 
  custom:container-muxer-webm: aa71ff27fc2769a1b78a27578f13a17b -> 
  custom:container-demuxer-webm: 4f35f7cbe854078d1ac9338744f61a02 -> 
  custom:video-encoder-webm-vp8: eb34c28f22e8b96e1ab97ce403110664 -> 
  custom:audio-encoder-webm-vorbis: bf7c407c2cedff20999df2af8eb42d56 -> 
  custom:framework-win-MediaFoundation: 216162199b28c13a410421893ffa2e32 -> 
  custom:container-demuxer-ogg: 62fdf1f143b41e24485cea50d1cbac27 -> 
  custom:video-decoder-webm-vp8: 9c59270c3fd7afecdb556c50c9e8de78 -> 
  custom:audio-decoder-ogg-vorbis: bf7c407c2cedff20999df2af8eb42d56 -> 
========================================================================
Received Import Request.
  Time since last request: 281.897949 seconds.
  path: Assets/TestLocale.cs
  artifactKey: Guid(efe61b73386979a4fa06675c8ba4f2f5) Importer(815301076,1909f56bfc062723c751e8b465ee728b)
Start importing Assets/TestLocale.cs using Guid(efe61b73386979a4fa06675c8ba4f2f5) Importer(815301076,1909f56bfc062723c751e8b465ee728b)  -> (artifact id: '3bde09ce3a714169f4e1991878d6df66') in 0.054575 seconds 
========================================================================
Received Import Request.
  Time since last request: 96.325923 seconds.
  path: Assets/ChaosLocale/WordDatabase.asset
  artifactKey: Guid(5e542d0fc085a10498a938a554511c8f) Importer(815301076,1909f56bfc062723c751e8b465ee728b)
Start importing Assets/ChaosLocale/WordDatabase.asset using Guid(5e542d0fc085a10498a938a554511c8f) Importer(815301076,1909f56bfc062723c751e8b465ee728b)  -> (artifact id: '231211ec5fecb52b09da8f43311619f5') in 0.020980 seconds 
========================================================================
Received Import Request.
  Time since last request: 4.355350 seconds.
  path: Assets/ChaosLocale/Icons/LocFont.png
  artifactKey: Guid(bb95147c0b5a2774ea2cfda3962c7f02) Importer(815301076,1909f56bfc062723c751e8b465ee728b)
Start importing Assets/ChaosLocale/Icons/LocFont.png using Guid(bb95147c0b5a2774ea2cfda3962c7f02) Importer(815301076,1909f56bfc062723c751e8b465ee728b)  -> (artifact id: 'ca9d666781f1dc04cd3546d1434d2beb') in 0.147710 seconds 
========================================================================
Received Import Request.
  Time since last request: 0.000020 seconds.
  path: Assets/ChaosLocale/Icons/TranslateIcon2.png
  artifactKey: Guid(b6c0ccc517b81d241a99e33abfbc9403) Importer(815301076,1909f56bfc062723c751e8b465ee728b)
Start importing Assets/ChaosLocale/Icons/TranslateIcon2.png using Guid(b6c0ccc517b81d241a99e33abfbc9403) Importer(815301076,1909f56bfc062723c751e8b465ee728b)  -> (artifact id: '13d4371e95baad2f9a6a835839d818fa') in 0.042349 seconds 
========================================================================
Received Import Request.
  Time since last request: 0.000024 seconds.
  path: Assets/ChaosLocale/Icons/LocPrefab.png
  artifactKey: Guid(0fd2332a7bb975f40aa978356553c15f) Importer(815301076,1909f56bfc062723c751e8b465ee728b)
Start importing Assets/ChaosLocale/Icons/LocPrefab.png using Guid(0fd2332a7bb975f40aa978356553c15f) Importer(815301076,1909f56bfc062723c751e8b465ee728b)  -> (artifact id: '4223268c61c4c3319763aa1afb90579a') in 0.027585 seconds 
========================================================================
Received Import Request.
  Time since last request: 0.000047 seconds.
  path: Assets/ChaosLocale/Icons/LocSprite.png
  artifactKey: Guid(96792156797a8ef4397705e205f9dc0c) Importer(815301076,1909f56bfc062723c751e8b465ee728b)
Start importing Assets/ChaosLocale/Icons/LocSprite.png using Guid(96792156797a8ef4397705e205f9dc0c) Importer(815301076,1909f56bfc062723c751e8b465ee728b)  -> (artifact id: '3ac457749476475681a49eddaf9fe9ca') in 0.055044 seconds 
========================================================================
Received Import Request.
  Time since last request: 1967.754321 seconds.
  path: Assets/ChaosLocale/Editor/LocaleEditor.cs
  artifactKey: Guid(485c2e974f7f3044890c05644f3376d9) Importer(815301076,1909f56bfc062723c751e8b465ee728b)
Start importing Assets/ChaosLocale/Editor/LocaleEditor.cs using Guid(485c2e974f7f3044890c05644f3376d9) Importer(815301076,1909f56bfc062723c751e8b465ee728b)  -> (artifact id: '92fe45dab82505f0f0f4e8f80fc9d625') in 0.007796 seconds 
========================================================================
Received Import Request.
  Time since last request: 1.020555 seconds.
  path: Assets/ChaosLocale/Editor/WordEditWindow.cs
  artifactKey: Guid(32819604641744b6834d2d5f7afe0b5d) Importer(815301076,1909f56bfc062723c751e8b465ee728b)
Start importing Assets/ChaosLocale/Editor/WordEditWindow.cs using Guid(32819604641744b6834d2d5f7afe0b5d) Importer(815301076,1909f56bfc062723c751e8b465ee728b)  -> (artifact id: 'dff127bf05e54d715effbb700c60b1f9') in 0.010319 seconds 
========================================================================
Received Import Request.
  Time since last request: 2.644667 seconds.
  path: Assets/ChaosLocale/Editor
  artifactKey: Guid(dc059458eb33d3c47a8f6f62fba55729) Importer(815301076,1909f56bfc062723c751e8b465ee728b)
Start importing Assets/ChaosLocale/Editor using Guid(dc059458eb33d3c47a8f6f62fba55729) Importer(815301076,1909f56bfc062723c751e8b465ee728b)  -> (artifact id: '68a136df28fb74fe8e42ce9086cfa234') in 0.007616 seconds 
========================================================================
Received Import Request.
  Time since last request: 8.804903 seconds.
  path: Assets/ChaosLocale/Editor/Legacy
  artifactKey: Guid(fad70af77727a3848a13af4f4b2be833) Importer(815301076,1909f56bfc062723c751e8b465ee728b)
Start importing Assets/ChaosLocale/Editor/Legacy using Guid(fad70af77727a3848a13af4f4b2be833) Importer(815301076,1909f56bfc062723c751e8b465ee728b)  -> (artifact id: '69732520b659ae054a65ef5b737299d9') in 0.006507 seconds 
========================================================================
Received Import Request.
  Time since last request: 6.110649 seconds.
  path: Assets/ChaosLocale/Editor/New
  artifactKey: Guid(d2a1e51610fbb71408e9b7eea0ab3229) Importer(815301076,1909f56bfc062723c751e8b465ee728b)
Start importing Assets/ChaosLocale/Editor/New using Guid(d2a1e51610fbb71408e9b7eea0ab3229) Importer(815301076,1909f56bfc062723c751e8b465ee728b)  -> (artifact id: 'e12cda17122fc91c9440d6fce3569924') in 0.014061 seconds 
========================================================================
Received Prepare
Registering precompiled user dll's ...
Registered in 0.008405 seconds.
Begin MonoManager ReloadAssembly
Symbol file LoadedFromMemory is not a mono symbol file
Native extension for WindowsStandalone target not found
Refreshing native plugins compatible for Editor in 0.61 ms, found 3 plugins.
Preloading 0 native plugins for Editor in 0.00 ms.
Mono: successfully reloaded assembly
- Completed reload, in  4.249 seconds
Domain Reload Profiling:
	ReloadAssembly (4250ms)
		BeginReloadAssembly (218ms)
			ExecutionOrderSort (0ms)
			DisableScriptedObjects (9ms)
			BackupInstance (0ms)
			ReleaseScriptingObjects (0ms)
			CreateAndSetChildDomain (82ms)
		EndReloadAssembly (3887ms)
			LoadAssemblies (133ms)
			RebuildTransferFunctionScriptingTraits (0ms)
			SetupTypeCache (495ms)
			ReleaseScriptCaches (2ms)
			RebuildScriptCaches (57ms)
			SetupLoadedEditorAssemblies (2898ms)
				LogAssemblyErrors (0ms)
				InitializePlatformSupportModulesInManaged (14ms)
				SetLoadedEditorAssemblies (1ms)
				RefreshPlugins (1ms)
				BeforeProcessingInitializeOnLoad (82ms)
				ProcessInitializeOnLoadAttributes (2540ms)
				ProcessInitializeOnLoadMethodAttributes (250ms)
				AfterProcessingInitializeOnLoad (11ms)
				EditorAssembliesLoaded (0ms)
			ExecutionOrderSort2 (0ms)
			AwakeInstancesAfterBackupRestoration (33ms)
Platform modules already initialized, skipping
Refreshing native plugins compatible for Editor in 3.27 ms, found 3 plugins.
Preloading 0 native plugins for Editor in 0.00 ms.
Unloading 2403 Unused Serialized files (Serialized files now loaded: 0)
Unloading 32 unused Assets / (86.0 KB). Loaded Objects now: 3020.
Memory consumption went from 116.3 MB to 116.2 MB.
Total: 32.223100 ms (FindLiveObjects: 0.245600 ms CreateObjectMapping: 0.159200 ms MarkObjects: 31.720900 ms  DeleteObjects: 0.096000 ms)

AssetImportParameters requested are different than current active one (requested -> active):
  custom:video-decoder-ogg-theora: a1e56fd34408186e4bbccfd4996cb3dc -> 
  custom:container-muxer-webm: aa71ff27fc2769a1b78a27578f13a17b -> 
  custom:container-demuxer-webm: 4f35f7cbe854078d1ac9338744f61a02 -> 
  custom:video-encoder-webm-vp8: eb34c28f22e8b96e1ab97ce403110664 -> 
  custom:audio-encoder-webm-vorbis: bf7c407c2cedff20999df2af8eb42d56 -> 
  custom:framework-win-MediaFoundation: 216162199b28c13a410421893ffa2e32 -> 
  custom:container-demuxer-ogg: 62fdf1f143b41e24485cea50d1cbac27 -> 
  custom:video-decoder-webm-vp8: 9c59270c3fd7afecdb556c50c9e8de78 -> 
  custom:audio-decoder-ogg-vorbis: bf7c407c2cedff20999df2af8eb42d56 -> 
========================================================================
Received Import Request.
  Time since last request: 19.161171 seconds.
  path: Assets/ChaosLocale/Editor/New Folder
  artifactKey: Guid(69df79cb89e29594cb729484a7d44b05) Importer(815301076,1909f56bfc062723c751e8b465ee728b)
Start importing Assets/ChaosLocale/Editor/New Folder using Guid(69df79cb89e29594cb729484a7d44b05) Importer(815301076,1909f56bfc062723c751e8b465ee728b)  -> (artifact id: 'e8dd4a8af31cdaf40ccd98d0eec3ac5f') in 0.010538 seconds 
========================================================================
Received Import Request.
  Time since last request: 7.882473 seconds.
  path: Assets/ChaosLocale/Editor/Updated
  artifactKey: Guid(69df79cb89e29594cb729484a7d44b05) Importer(815301076,1909f56bfc062723c751e8b465ee728b)
Start importing Assets/ChaosLocale/Editor/Updated using Guid(69df79cb89e29594cb729484a7d44b05) Importer(815301076,1909f56bfc062723c751e8b465ee728b)  -> (artifact id: '722f79c591ade7173f91c86a7c13d77b') in 0.006121 seconds 
========================================================================
Received Import Request.
  Time since last request: 17.717070 seconds.
  path: Assets/ChaosLocale/Editor/Updated/TextLocalizationWindow.cs
  artifactKey: Guid(d31d3d88a4a2a254c9f2d2cd612ad6eb) Importer(815301076,1909f56bfc062723c751e8b465ee728b)
Start importing Assets/ChaosLocale/Editor/Updated/TextLocalizationWindow.cs using Guid(d31d3d88a4a2a254c9f2d2cd612ad6eb) Importer(815301076,1909f56bfc062723c751e8b465ee728b)  -> (artifact id: '2f5e93326d7b6c717fff3a95200ae215') in 0.006928 seconds 
========================================================================
Received Prepare
Registering precompiled user dll's ...
Registered in 0.008634 seconds.
Begin MonoManager ReloadAssembly
Symbol file LoadedFromMemory is not a mono symbol file
Native extension for WindowsStandalone target not found
Refreshing native plugins compatible for Editor in 0.71 ms, found 3 plugins.
Preloading 0 native plugins for Editor in 0.00 ms.
Mono: successfully reloaded assembly
- Completed reload, in  4.135 seconds
Domain Reload Profiling:
	ReloadAssembly (4136ms)
		BeginReloadAssembly (208ms)
			ExecutionOrderSort (0ms)
			DisableScriptedObjects (9ms)
			BackupInstance (0ms)
			ReleaseScriptingObjects (0ms)
			CreateAndSetChildDomain (74ms)
		EndReloadAssembly (3790ms)
			LoadAssemblies (132ms)
			RebuildTransferFunctionScriptingTraits (0ms)
			SetupTypeCache (482ms)
			ReleaseScriptCaches (2ms)
			RebuildScriptCaches (57ms)
			SetupLoadedEditorAssemblies (2842ms)
				LogAssemblyErrors (0ms)
				InitializePlatformSupportModulesInManaged (15ms)
				SetLoadedEditorAssemblies (0ms)
				RefreshPlugins (1ms)
				BeforeProcessingInitializeOnLoad (81ms)
				ProcessInitializeOnLoadAttributes (2470ms)
				ProcessInitializeOnLoadMethodAttributes (261ms)
				AfterProcessingInitializeOnLoad (13ms)
				EditorAssembliesLoaded (0ms)
			ExecutionOrderSort2 (0ms)
			AwakeInstancesAfterBackupRestoration (29ms)
Platform modules already initialized, skipping
Refreshing native plugins compatible for Editor in 4.38 ms, found 3 plugins.
Preloading 0 native plugins for Editor in 0.00 ms.
Unloading 2404 Unused Serialized files (Serialized files now loaded: 0)
Unloading 32 unused Assets / (86.1 KB). Loaded Objects now: 3024.
Memory consumption went from 116.3 MB to 116.2 MB.
Total: 36.750600 ms (FindLiveObjects: 0.297200 ms CreateObjectMapping: 0.282600 ms MarkObjects: 36.057700 ms  DeleteObjects: 0.111100 ms)

AssetImportParameters requested are different than current active one (requested -> active):
  custom:video-decoder-ogg-theora: a1e56fd34408186e4bbccfd4996cb3dc -> 
  custom:container-muxer-webm: aa71ff27fc2769a1b78a27578f13a17b -> 
  custom:container-demuxer-webm: 4f35f7cbe854078d1ac9338744f61a02 -> 
  custom:video-encoder-webm-vp8: eb34c28f22e8b96e1ab97ce403110664 -> 
  custom:audio-encoder-webm-vorbis: bf7c407c2cedff20999df2af8eb42d56 -> 
  custom:framework-win-MediaFoundation: 216162199b28c13a410421893ffa2e32 -> 
  custom:container-demuxer-ogg: 62fdf1f143b41e24485cea50d1cbac27 -> 
  custom:video-decoder-webm-vp8: 9c59270c3fd7afecdb556c50c9e8de78 -> 
  custom:audio-decoder-ogg-vorbis: bf7c407c2cedff20999df2af8eb42d56 -> 
